CRITICAL - 2024-07-26 05:49:41 --> CodeIgniter\View\Exceptions\ViewException: Invalid file: "agregar.php"
[Method: POST, Route: agregar_ciudadano]
in SYSTEMPATH\Exceptions\FrameworkException.php on line 41.
 1 SYSTEMPATH\View\View.php(222): CodeIgniter\Exceptions\FrameworkException::forInvalidFile('agregar.php')
 2 SYSTEMPATH\Common.php(1171): CodeIgniter\View\View->render('agregar', [], true)
 3 APPPATH\Controllers\CiudadanosController.php(48): view('agregar')
 4 SYSTEMPATH\CodeIgniter.php(933): App\Controllers\CiudadanosController->agregarCiudadano()
 5 SYSTEMPATH\CodeIgniter.php(509): CodeIgniter\CodeIgniter->runController(Object(App\Controllers\CiudadanosController))
 6 SYSTEMPATH\CodeIgniter.php(355): CodeIgniter\CodeIgniter->handleRequest(null, Object(Config\Cache), false)
 7 SYSTEMPATH\Boot.php(325): CodeIgniter\CodeIgniter->run()
 8 SYSTEMPATH\Boot.php(67): CodeIgniter\Boot::runCodeIgniter(Object(CodeIgniter\CodeIgniter))
 9 FCPATH\index.php(56): CodeIgniter\Boot::bootWeb(Object(Config\Paths))
CRITICAL - 2024-07-26 05:50:47 --> CodeIgniter\View\Exceptions\ViewException: Invalid file: "agregar_ciudadano.php"
[Method: POST, Route: agregar_ciudadano]
in SYSTEMPATH\Exceptions\FrameworkException.php on line 41.
 1 SYSTEMPATH\View\View.php(222): CodeIgniter\Exceptions\FrameworkException::forInvalidFile('agregar_ciudadano.php')
 2 SYSTEMPATH\Common.php(1171): CodeIgniter\View\View->render('agregar_ciudadano', [], true)
 3 APPPATH\Controllers\CiudadanosController.php(48): view('agregar_ciudadano')
 4 SYSTEMPATH\CodeIgniter.php(933): App\Controllers\CiudadanosController->agregarCiudadano()
 5 SYSTEMPATH\CodeIgniter.php(509): CodeIgniter\CodeIgniter->runController(Object(App\Controllers\CiudadanosController))
 6 SYSTEMPATH\CodeIgniter.php(355): CodeIgniter\CodeIgniter->handleRequest(null, Object(Config\Cache), false)
 7 SYSTEMPATH\Boot.php(325): CodeIgniter\CodeIgniter->run()
 8 SYSTEMPATH\Boot.php(67): CodeIgniter\Boot::runCodeIgniter(Object(CodeIgniter\CodeIgniter))
 9 FCPATH\index.php(56): CodeIgniter\Boot::bootWeb(Object(Config\Paths))
CRITICAL - 2024-07-26 05:52:24 --> ErrorException: Undefined variable $datos
[Method: POST, Route: agregar_ciudadano]
in APPPATH\Controllers\CiudadanosController.php on line 48.
 1 APPPATH\Controllers\CiudadanosController.php(48): CodeIgniter\Debug\Exceptions->errorHandler(2, 'Undefined variable $datos', 'C:\\xampp\\htdocs\\fs2024\\ci_tarea_ciudadanos_1\\app\\Controllers\\CiudadanosController.php', 48)
 2 SYSTEMPATH\CodeIgniter.php(933): App\Controllers\CiudadanosController->agregarCiudadano()
 3 SYSTEMPATH\CodeIgniter.php(509): CodeIgniter\CodeIgniter->runController(Object(App\Controllers\CiudadanosController))
 4 SYSTEMPATH\CodeIgniter.php(355): CodeIgniter\CodeIgniter->handleRequest(null, Object(Config\Cache), false)
 5 SYSTEMPATH\Boot.php(325): CodeIgniter\CodeIgniter->run()
 6 SYSTEMPATH\Boot.php(67): CodeIgniter\Boot::runCodeIgniter(Object(CodeIgniter\CodeIgniter))
 7 FCPATH\index.php(56): CodeIgniter\Boot::bootWeb(Object(Config\Paths))
CRITICAL - 2024-07-26 05:53:47 --> CodeIgniter\View\Exceptions\ViewException: Invalid file: "agregar_ciudadano.php"
[Method: POST, Route: agregar_ciudadano]
in SYSTEMPATH\Exceptions\FrameworkException.php on line 41.
 1 SYSTEMPATH\View\View.php(222): CodeIgniter\Exceptions\FrameworkException::forInvalidFile('agregar_ciudadano.php')
 2 SYSTEMPATH\Common.php(1171): CodeIgniter\View\View->render('agregar_ciudadano', [], true)
 3 APPPATH\Controllers\CiudadanosController.php(48): view('agregar_ciudadano')
 4 SYSTEMPATH\CodeIgniter.php(933): App\Controllers\CiudadanosController->agregarCiudadano()
 5 SYSTEMPATH\CodeIgniter.php(509): CodeIgniter\CodeIgniter->runController(Object(App\Controllers\CiudadanosController))
 6 SYSTEMPATH\CodeIgniter.php(355): CodeIgniter\CodeIgniter->handleRequest(null, Object(Config\Cache), false)
 7 SYSTEMPATH\Boot.php(325): CodeIgniter\CodeIgniter->run()
 8 SYSTEMPATH\Boot.php(67): CodeIgniter\Boot::runCodeIgniter(Object(CodeIgniter\CodeIgniter))
 9 FCPATH\index.php(56): CodeIgniter\Boot::bootWeb(Object(Config\Paths))
CRITICAL - 2024-07-26 05:55:23 --> ErrorException: Undefined variable $datos
[Method: POST, Route: agregar_ciudadano]
in APPPATH\Views\ciudadanos.php on line 56.
 1 APPPATH\Views\ciudadanos.php(56): CodeIgniter\Debug\Exceptions->errorHandler(2, 'Undefined variable $datos', 'C:\\xampp\\htdocs\\fs2024\\ci_tarea_ciudadanos_1\\app\\Views\\ciudadanos.php', 56)
 2 SYSTEMPATH\View\View.php(234): include('C:\\xampp\\htdocs\\fs2024\\ci_tarea_ciudadanos_1\\app\\Views\\ciudadanos.php')
 3 SYSTEMPATH\View\View.php(237): CodeIgniter\View\View->CodeIgniter\View\{closure}()
 4 SYSTEMPATH\Common.php(1171): CodeIgniter\View\View->render('ciudadanos', [], true)
 5 APPPATH\Controllers\CiudadanosController.php(48): view('ciudadanos')
 6 SYSTEMPATH\CodeIgniter.php(933): App\Controllers\CiudadanosController->agregarCiudadano()
 7 SYSTEMPATH\CodeIgniter.php(509): CodeIgniter\CodeIgniter->runController(Object(App\Controllers\CiudadanosController))
 8 SYSTEMPATH\CodeIgniter.php(355): CodeIgniter\CodeIgniter->handleRequest(null, Object(Config\Cache), false)
 9 SYSTEMPATH\Boot.php(325): CodeIgniter\CodeIgniter->run()
10 SYSTEMPATH\Boot.php(67): CodeIgniter\Boot::runCodeIgniter(Object(CodeIgniter\CodeIgniter))
11 FCPATH\index.php(56): CodeIgniter\Boot::bootWeb(Object(Config\Paths))
